<?xml version="1.0" encoding="UTF-8"?>
<testsuite xmlns:xsi="http://www.w3.org/2001/XMLSchema-instance" xsi:noNamespaceSchemaLocation="https://maven.apache.org/surefire/maven-surefire-plugin/xsd/surefire-test-report.xsd" name="com.example.user.domain.PasswordPolicyTest" time="0.151" tests="21" errors="0" skipped="0" failures="0">
  <properties>
[...]
</properties>
  <testcase name="shortPasswordTest" classname="com.example.user.domain.PasswordPolicyTest" time="0.07"/>
  <testcase name="passwordNullTest" classname="com.example.user.domain.PasswordPolicyTest" time="0.001"/>
  <testcase name="strongEnough_ok{String}[1]" classname="com.example.user.domain.PasswordPolicyTest" time="0.019"/>
  <testcase name="strongEnough_ok{String}[2]" classname="com.example.user.domain.PasswordPolicyTest" time="0.001"/>
  <testcase name="strongEnough_ok{String}[3]" classname="com.example.user.domain.PasswordPolicyTest" time="0.001"/>
  <testcase name="strongEnough_ok{String}[4]" classname="com.example.user.domain.PasswordPolicyTest" time="0"/>
  <testcase name="strongEnough_ok{String}[5]" classname="com.example.user.domain.PasswordPolicyTest" time="0"/>
  <testcase name="strongEnough_ok{String}[6]" classname="com.example.user.domain.PasswordPolicyTest" time="0"/>
  <testcase name="finePasswordTest" classname="com.example.user.domain.PasswordPolicyTest" time="0.001"/>
  <testcase name="emailNullTest" classname="com.example.user.domain.PasswordPolicyTest" time="0.001"/>
  <testcase name="veryShortPasswordTest" classname="com.example.user.domain.PasswordPolicyTest" time="0.001"/>
  <testcase name="weakPasswords_throw{String}[1]" classname="com.example.user.domain.PasswordPolicyTest" time="0.002"/>
  <testcase name="weakPasswords_throw{String}[2]" classname="com.example.user.domain.PasswordPolicyTest" time="0.001"/>
  <testcase name="weakPasswords_throw{String}[3]" classname="com.example.user.domain.PasswordPolicyTest" time="0"/>
  <testcase name="weakPasswords_throw{String}[4]" classname="com.example.user.domain.PasswordPolicyTest" time="0.001"/>
  <testcase name="weakPasswords_throw{String}[5]" classname="com.example.user.domain.PasswordPolicyTest" time="0.001"/>
  <testcase name="weakPasswords_throw{String}[6]" classname="com.example.user.domain.PasswordPolicyTest" time="0.001"/>
  <testcase name="weakPasswords_throw{String}[7]" classname="com.example.user.domain.PasswordPolicyTest" time="0"/>
  <testcase name="weakPasswords_throw{String}[8]" classname="com.example.user.domain.PasswordPolicyTest" time="0"/>
  <testcase name="weakPasswords_throw{String}[9]" classname="com.example.user.domain.PasswordPolicyTest" time="0.001"/>
  <testcase name="strongPasswordTest" classname="com.example.user.domain.PasswordPolicyTest" time="0.001"/>
</testsuite>